info it worked if it ends with ok
info using fhc@0.7.12-158
info using node@v0.8.15
silly config file c:\Users\mindstix\fhc-config
silly config file c:\Program Files\etc\fhcrc
ERR! Error: Cannot find module 'request'
ERR!     at Function.Module._resolveFilename (module.js:338:15)
ERR!     at Function.Module._load (module.js:280:25)
ERR!     at Module.require (module.js:362:17)
ERR!     at require (module.js:378:17)
ERR!     at Object.<anonymous> (c:\cygwin\home\mindstix\peachy_repo\peachy-shh\cloud\utils\requestUtils.js:2:15)
ERR!     at Module._compile (module.js:449:26)
ERR!     at Object.Module._extensions..js (module.js:467:10)
ERR!     at Module.load (module.js:356:32)
ERR!     at Function.Module._load (module.js:312:12)
ERR!     at Module.require (module.js:362:17)
ERR! Error: Cannot load cloud code
ERR!     at LocalActHandler.init (c:\Users\mindstix\AppData\Roaming\npm\node_modules\fh-fhc\lib\local.js:371:24)
ERR!     at new LocalActHandler (c:\Users\mindstix\AppData\Roaming\npm\node_modules\fh-fhc\lib\local.js:325:8)
ERR!     at local (c:\Users\mindstix\AppData\Roaming\npm\node_modules\fh-fhc\lib\local.js:136:64)
ERR!     at c:\Users\mindstix\AppData\Roaming\npm\node_modules\fh-fhc\bin\fhc.js:59:3
ERR!     at fhc.load.loadListeners.length (c:\Users\mindstix\AppData\Roaming\npm\node_modules\fh-fhc\lib\fhc.js:189:38)
ERR!     at process.startup.processNextTick.process._tickCallback (node.js:244:9)
ERR! 
ERR! System Windows_NT 6.1.7601
ERR! command "c:\\Program Files\\nodejs\\node.exe" "c:\\Users\\mindstix\\AppData\\Roaming\\npm\\node_modules\\fh-fhc\\bin\\fhc.js" "local"
verbose exit [ 1, true ]
